<?xml version="1.0" encoding="UTF-8"?>
<testng-results ignored="0" total="2" passed="2" failed="0" skipped="0">
  <reporter-output>
  </reporter-output>
  <suite started-at="2024-01-31T10:38:09 IST" name="Default suite" finished-at="2024-01-31T10:39:50 IST" duration-ms="100878">
    <groups>
    </groups>
    <test started-at="2024-01-31T10:38:09 IST" name="Default test" finished-at="2024-01-31T10:39:50 IST" duration-ms="100878">
      <class name="Test.login">
        <test-method is-config="true" signature="Setup()[pri:0, instance:Test.login@747f281]" started-at="2024-01-31T10:38:09 IST" name="Setup" finished-at="2024-01-31T10:38:54 IST" duration-ms="44913" status="PASS">
          <reporter-output>
          </reporter-output>
        </test-method> <!-- Setup -->
        <test-method signature="LoginTest()[pri:1, instance:Test.login@747f281]" started-at="2024-01-31T10:38:54 IST" name="LoginTest" finished-at="2024-01-31T10:38:58 IST" duration-ms="3479" status="PASS">
          <reporter-output>
          </reporter-output>
        </test-method> <!-- LoginTest -->
        <test-method signature="ProductsPageTest()[pri:2, instance:Test.login@747f281]" started-at="2024-01-31T10:38:58 IST" name="ProductsPageTest" finished-at="2024-01-31T10:39:50 IST" duration-ms="52399" status="PASS">
          <reporter-output>
          </reporter-output>
        </test-method> <!-- ProductsPageTest -->
      </class> <!-- Test.login -->
    </test> <!-- Default test -->
  </suite> <!-- Default suite -->
</testng-results>
